发生时间:2015-04-08 11:19:08,738 
事件级别:INFO 
相关类名:StudyLog4net2
程序文件:d:\vs\学习log4net\StudyLog4net\StudyLog4net2\Log4net.cs 第152行
日志内容:2222
-----------------------------------------
发生时间:2015-04-08 11:19:08,749 
事件级别:INFO 
相关类名:StudyLog4net2
程序文件:d:\vs\学习log4net\StudyLog4net\StudyLog4net2\Log4net.cs 第152行
日志内容:2222
-----------------------------------------
发生时间:2015-04-08 11:19:08,749 
事件级别:INFO 
相关类名:StudyLog4net2
程序文件:d:\vs\学习log4net\StudyLog4net\StudyLog4net2\Log4net.cs 第152行
日志内容:2222
-----------------------------------------
发生时间:2015-04-08 11:19:08,749 
事件级别:INFO 
相关类名:StudyLog4net2
程序文件:d:\vs\学习log4net\StudyLog4net\StudyLog4net2\Log4net.cs 第152行
日志内容:2222
-----------------------------------------
发生时间:2015-04-08 11:19:08,750 
事件级别:INFO 
相关类名:StudyLog4net2
程序文件:d:\vs\学习log4net\StudyLog4net\StudyLog4net2\Log4net.cs 第152行
日志内容:2222
-----------------------------------------
发生时间:2015-04-08 11:19:08,750 
事件级别:INFO 
相关类名:StudyLog4net2
程序文件:d:\vs\学习log4net\StudyLog4net\StudyLog4net2\Log4net.cs 第152行
日志内容:2222
-----------------------------------------
发生时间:2015-04-08 11:19:08,750 
事件级别:INFO 
相关类名:StudyLog4net2
程序文件:d:\vs\学习log4net\StudyLog4net\StudyLog4net2\Log4net.cs 第152行
日志内容:2222
-----------------------------------------
发生时间:2015-04-08 11:19:08,750 
事件级别:INFO 
相关类名:StudyLog4net2
程序文件:d:\vs\学习log4net\StudyLog4net\StudyLog4net2\Log4net.cs 第152行
日志内容:2222
-----------------------------------------
发生时间:2015-04-08 11:19:08,750 
事件级别:INFO 
相关类名:StudyLog4net2
程序文件:d:\vs\学习log4net\StudyLog4net\StudyLog4net2\Log4net.cs 第152行
日志内容:2222
-----------------------------------------
发生时间:2015-04-08 11:19:08,750 
事件级别:INFO 
相关类名:StudyLog4net2
程序文件:d:\vs\学习log4net\StudyLog4net\StudyLog4net2\Log4net.cs 第152行
日志内容:2222
-----------------------------------------
发生时间:2015-04-08 11:19:08,750 
事件级别:INFO 
相关类名:StudyLog4net2
程序文件:d:\vs\学习log4net\StudyLog4net\StudyLog4net2\Log4net.cs 第152行
日志内容:2222
-----------------------------------------
发生时间:2015-04-08 11:19:08,750 
事件级别:INFO 
相关类名:StudyLog4net2
程序文件:d:\vs\学习log4net\StudyLog4net\StudyLog4net2\Log4net.cs 第152行
日志内容:2222
-----------------------------------------
发生时间:2015-04-08 11:19:08,750 
事件级别:INFO 
相关类名:StudyLog4net2
程序文件:d:\vs\学习log4net\StudyLog4net\StudyLog4net2\Log4net.cs 第152行
日志内容:2222
-----------------------------------------
发生时间:2015-04-08 11:19:08,750 
事件级别:INFO 
相关类名:StudyLog4net2
程序文件:d:\vs\学习log4net\StudyLog4net\StudyLog4net2\Log4net.cs 第152行
日志内容:2222
-----------------------------------------
发生时间:2015-04-08 11:19:08,751 
事件级别:INFO 
相关类名:StudyLog4net2
程序文件:d:\vs\学习log4net\StudyLog4net\StudyLog4net2\Log4net.cs 第152行
日志内容:2222
-----------------------------------------
发生时间:2015-04-08 11:19:08,751 
事件级别:INFO 
相关类名:StudyLog4net2
程序文件:d:\vs\学习log4net\StudyLog4net\StudyLog4net2\Log4net.cs 第152行
日志内容:2222
-----------------------------------------
发生时间:2015-04-08 11:19:08,751 
事件级别:INFO 
相关类名:StudyLog4net2
程序文件:d:\vs\学习log4net\StudyLog4net\StudyLog4net2\Log4net.cs 第152行
日志内容:2222
-----------------------------------------
发生时间:2015-04-08 11:19:08,751 
事件级别:INFO 
相关类名:StudyLog4net2
程序文件:d:\vs\学习log4net\StudyLog4net\StudyLog4net2\Log4net.cs 第152行
日志内容:2222
-----------------------------------------
发生时间:2015-04-08 11:19:08,751 
事件级别:INFO 
相关类名:StudyLog4net2
程序文件:d:\vs\学习log4net\StudyLog4net\StudyLog4net2\Log4net.cs 第152行
日志内容:2222
-----------------------------------------
发生时间:2015-04-08 11:19:08,751 
事件级别:INFO 
相关类名:StudyLog4net2
程序文件:d:\vs\学习log4net\StudyLog4net\StudyLog4net2\Log4net.cs 第152行
日志内容:2222
-----------------------------------------
